This file contains any messages produced by compilers while
running configure, to aid debugging if configure makes a mistake.

It was created by libpng configure 1.5.12, which was
generated by GNU Autoconf 2.68.  Invocation command line was

  $ ./configure --host=arm-linux --with-sysroot=/opt/sdks/android-ndk/platforms/android-9/arch-arm/

## --------- ##
## Platform. ##
## --------- ##

hostname = ubuntu
uname -m = x86_64
uname -r = 3.2.0-26-generic
uname -s = Linux
uname -v = #41-Ubuntu SMP Thu Jun 14 17:49:24 UTC 2012

/usr/bin/uname -p = unknown
/bin/uname -X     = unknown

/bin/arch              = unknown
/usr/bin/arch -k       = unknown
/usr/convex/getsysinfo = unknown
/usr/bin/hostinfo      = unknown
/bin/machine           = unknown
/usr/bin/oslevel       = unknown
/bin/universe          = unknown

PATH: /home/nrkz/arm-android-9-toolchain/bin
PATH: /home/nrkz/.rvm/gems/ruby-1.9.3-p194/bin
PATH: /home/nrkz/.rvm/gems/ruby-1.9.3-p194@global/bin
PATH: /home/nrkz/.rvm/rubies/ruby-1.9.3-p194/bin
PATH: /home/nrkz/.rvm/bin
PATH: /usr/local/bin
PATH: /opt/sdks/android-sdk/tools
PATH: /opt/sdks/android-sdk/platform-tools
PATH: /opt/sdks/android-ndk
PATH: /home/nrkz/eclipse
PATH: /usr/lib/lightdm/lightdm
PATH: /usr/local/sbin
PATH: /usr/local/bin
PATH: /usr/sbin
PATH: /usr/bin
PATH: /sbin
PATH: /bin
PATH: /usr/games
PATH: /home/nrkz/.rvm/bin


## ----------- ##
## Core tests. ##
## ----------- ##

configure:2321: checking for a BSD-compatible install
configure:2389: result: /usr/bin/install -c
configure:2400: checking whether build environment is sane
configure:2450: result: yes
configure:2499: checking for arm-linux-strip
configure:2529: result: no
configure:2539: checking for strip
configure:2555: found /usr/bin/strip
configure:2566: result: strip
configure:2591: checking for a thread-safe mkdir -p
configure:2630: result: /bin/mkdir -p
configure:2643: checking for gawk
configure:2673: result: no
configure:2643: checking for mawk
configure:2659: found /usr/bin/mawk
configure:2670: result: mawk
configure:2681: checking whether make sets $(MAKE)
configure:2703: result: yes
configure:2784: checking whether to enable maintainer-specific portions of Makefiles
configure:2793: result: no
configure:2832: checking for arm-linux-gcc
configure:2859: result: arm-linux-androideabi-gcc
configure:3128: checking for C compiler version
configure:3137: arm-linux-androideabi-gcc --version >&5
arm-linux-androideabi-gcc (GCC) 4.6.x-google 20120106 (prerelease)
Copyright (C) 2011 Free Software Foundation, Inc.
This is free software; see the source for copying conditions.  There is NO
warranty; not even for MERCHANTABILITY or FITNESS FOR A PARTICULAR PURPOSE.

configure:3148: $? = 0
configure:3137: arm-linux-androideabi-gcc -v >&5
Using built-in specs.
COLLECT_GCC=arm-linux-androideabi-gcc
COLLECT_LTO_WRAPPER=/home/nrkz/arm-android-9-toolchain/bin/../libexec/gcc/arm-linux-androideabi/4.6.x-google/lto-wrapper
Target: arm-linux-androideabi
Configured with: /usr/local/google/home/andrewhsieh/ndk-andrewhsieh/src/build/../gcc/gcc-4.6/configure --prefix=/tmp/ndk-andrewhsieh/build/toolchain/prefix --target=arm-linux-androideabi --host=x86_64-linux-gnu --build=x86_64-linux-gnu --with-gnu-as --with-gnu-ld --enable-languages=c,c++ --with-gmp=/tmp/ndk-andrewhsieh/build/toolchain/temp-install --with-mpfr=/tmp/ndk-andrewhsieh/build/toolchain/temp-install --with-mpc=/tmp/ndk-andrewhsieh/build/toolchain/temp-install --without-ppl --without-cloog --disable-libssp --enable-threads --disable-nls --disable-libmudflap --disable-libgomp --disable-libstdc__-v3 --disable-sjlj-exceptions --disable-shared --disable-tls --disable-libitm --with-float=soft --with-fpu=vfp --with-arch=armv5te --enable-target-optspace --enable-initfini-array --disable-nls --prefix=/tmp/ndk-andrewhsieh/build/toolchain/prefix --with-sysroot=/tmp/ndk-andrewhsieh/build/toolchain/prefix/sysroot --with-binutils-version=2.21 --with-mpfr-version=2.4.1 --with-mpc-version=0.8.1 --with-gmp-version=5.0.5 --with-gcc-version=4.6 --with-gdb-version=7.3.x --disable-bootstrap --disable-libquadmath --disable-plugin --enable-gold --enable-ld=default --with-arch=armv5te --program-transform-name='s&^&arm-linux-androideabi-&' --enable-gold
Thread model: posix
gcc version 4.6.x-google 20120106 (prerelease) (GCC) 
configure:3148: $? = 0
configure:3137: arm-linux-androideabi-gcc -V >&5
arm-linux-androideabi-gcc: error: unrecognized option '-V'
arm-linux-androideabi-gcc: fatal error: no input files
compilation terminated.
configure:3148: $? = 1
configure:3137: arm-linux-androideabi-gcc -qversion >&5
arm-linux-androideabi-gcc: error: unrecognized option '-qversion'
arm-linux-androideabi-gcc: fatal error: no input files
compilation terminated.
configure:3148: $? = 1
configure:3168: checking whether the C compiler works
configure:3190: arm-linux-androideabi-gcc    conftest.c  >&5
configure:3194: $? = 0
configure:3242: result: yes
configure:3245: checking for C compiler default output file name
configure:3247: result: a.out
configure:3253: checking for suffix of executables
configure:3260: arm-linux-androideabi-gcc -o conftest    conftest.c  >&5
configure:3264: $? = 0
configure:3286: result: 
configure:3308: checking whether we are cross compiling
configure:3316: arm-linux-androideabi-gcc -o conftest    conftest.c  >&5
configure:3320: $? = 0
configure:3327: ./conftest
./configure: line 3329: ./conftest: cannot execute binary file
configure:3331: $? = 126
configure:3346: result: yes
configure:3351: checking for suffix of object files
configure:3373: arm-linux-androideabi-gcc -c   conftest.c >&5
configure:3377: $? = 0
configure:3398: result: o
configure:3402: checking whether we are using the GNU C compiler
configure:3421: arm-linux-androideabi-gcc -c   conftest.c >&5
configure:3421: $? = 0
configure:3430: result: yes
configure:3439: checking whether arm-linux-androideabi-gcc accepts -g
configure:3459: arm-linux-androideabi-gcc -c -g  conftest.c >&5
configure:3459: $? = 0
configure:3500: result: yes
configure:3517: checking for arm-linux-androideabi-gcc option to accept ISO C89
configure:3581: arm-linux-androideabi-gcc  -c -g -O2  conftest.c >&5
configure:3581: $? = 0
configure:3594: result: none needed
configure:3625: checking for style of include used by make
configure:3653: result: GNU
configure:3679: checking dependency style of arm-linux-androideabi-gcc
configure:3790: result: gcc3
configure:3814: checking dependency style of arm-linux-androideabi-gcc
configure:3923: result: gcc3
configure:3942: checking build system type
configure:3956: result: x86_64-unknown-linux-gnu
configure:3976: checking host system type
configure:3989: result: arm-unknown-linux-gnu
configure:4009: checking for a sed that does not truncate output
configure:4073: result: /bin/sed
configure:4091: checking for grep that handles long lines and -e
configure:4149: result: /bin/grep
configure:4154: checking for egrep
configure:4216: result: /bin/grep -E
configure:4221: checking for fgrep
configure:4283: result: /bin/grep -F
configure:4310: checking how to print strings
configure:4337: result: printf
configure:4370: checking for ld used by arm-linux-androideabi-gcc
configure:4437: result: /home/nrkz/arm-android-9-toolchain/arm-linux-androideabi/bin/ld
configure:4444: checking if the linker (/home/nrkz/arm-android-9-toolchain/arm-linux-androideabi/bin/ld) is GNU ld
configure:4459: result: yes
configure:4476: checking how to run the C preprocessor
configure:4507: arm-linux-androideabi-gcc -E  conftest.c
configure:4507: $? = 0
configure:4521: arm-linux-androideabi-gcc -E  conftest.c
conftest.c:11:28: fatal error: ac_nonexistent.h: No such file or directory
compilation terminated.
configure:4521: $? = 1
configure: failed program was:
| /* confdefs.h */
| #define PACKAGE_NAME "libpng"
| #define PACKAGE_TARNAME "libpng"
| #define PACKAGE_VERSION "1.5.12"
| #define PACKAGE_STRING "libpng 1.5.12"
| #define PACKAGE_BUGREPORT "png-mng-implement@lists.sourceforge.net"
| #define PACKAGE_URL ""
| #define PACKAGE "libpng"
| #define VERSION "1.5.12"
| /* end confdefs.h.  */
| #include <ac_nonexistent.h>
configure:4546: result: arm-linux-androideabi-gcc -E
configure:4566: arm-linux-androideabi-gcc -E  conftest.c
configure:4566: $? = 0
configure:4580: arm-linux-androideabi-gcc -E  conftest.c
conftest.c:11:28: fatal error: ac_nonexistent.h: No such file or directory
compilation terminated.
configure:4580: $? = 1
configure: failed program was:
| /* confdefs.h */
| #define PACKAGE_NAME "libpng"
| #define PACKAGE_TARNAME "libpng"
| #define PACKAGE_VERSION "1.5.12"
| #define PACKAGE_STRING "libpng 1.5.12"
| #define PACKAGE_BUGREPORT "png-mng-implement@lists.sourceforge.net"
| #define PACKAGE_URL ""
| #define PACKAGE "libpng"
| #define VERSION "1.5.12"
| /* end confdefs.h.  */
| #include <ac_nonexistent.h>
configure:4611: checking for arm-linux-sed
configure:4638: result: /bin/sed
configure:4703: checking for arm-linux-awk
configure:4730: result: mawk
configure:4793: checking whether ln -s works
configure:4797: result: yes
configure:4804: checking whether make sets $(MAKE)
configure:4826: result: yes
configure:4877: checking for BSD- or MS-compatible name lister (nm)
configure:4926: result: no
configure:4940: checking for arm-linux-dumpbin
configure:4970: result: no
configure:4940: checking for arm-linux-link
configure:4970: result: no
configure:4984: checking for dumpbin
configure:5014: result: no
configure:4984: checking for link
configure:5000: found /usr/bin/link
configure:5011: result: link -dump
configure:5027: WARNING: using cross tools not prefixed with host triplet
configure:5056: checking the name lister (nm) interface
configure:5063: arm-linux-androideabi-gcc -c -g -O2  conftest.c >&5
configure:5066: nm "conftest.o"
configure:5069: output
00000000 b $d
00000000 B some_variable
configure:5076: result: BSD nm
configure:5080: checking the maximum length of command line arguments
configure:5210: result: 1572864
configure:5227: checking whether the shell understands some XSI constructs
configure:5237: result: yes
configure:5241: checking whether the shell understands "+="
configure:5247: result: yes
configure:5282: checking how to convert x86_64-unknown-linux-gnu file names to arm-unknown-linux-gnu format
configure:5322: result: func_convert_file_noop
configure:5329: checking how to convert x86_64-unknown-linux-gnu file names to toolchain format
configure:5349: result: func_convert_file_noop
configure:5356: checking for /home/nrkz/arm-android-9-toolchain/arm-linux-androideabi/bin/ld option to reload object files
configure:5363: result: -r
configure:5397: checking for arm-linux-objdump
configure:5427: result: no
configure:5437: checking for objdump
configure:5453: found /usr/bin/objdump
configure:5464: result: objdump
configure:5493: checking how to recognize dependent libraries
configure:5695: result: pass_all
configure:5740: checking for arm-linux-dlltool
configure:5770: result: no
configure:5780: checking for dlltool
configure:5810: result: no
configure:5837: checking how to associate runtime and link libraries
configure:5864: result: printf %s\n
configure:5881: checking for arm-linux-ar
configure:5911: result: no
configure:5925: checking for ar
configure:5941: found /usr/bin/ar
configure:5952: result: ar
configure:5989: checking for archiver @FILE support
configure:6006: arm-linux-androideabi-gcc -c -g -O2  conftest.c >&5
configure:6006: $? = 0
configure:6009: ar cru libconftest.a @conftest.lst >&5
configure:6012: $? = 0
configure:6017: ar cru libconftest.a @conftest.lst >&5
ar: conftest.o: No such file or directory
configure:6020: $? = 1
configure:6032: result: @
configure:6050: checking for arm-linux-strip
configure:6077: result: strip
configure:6149: checking for arm-linux-ranlib
configure:6179: result: no
configure:6189: checking for ranlib
configure:6205: found /usr/bin/ranlib
configure:6216: result: ranlib
configure:6318: checking command to parse nm output from arm-linux-androideabi-gcc object
configure:6438: arm-linux-androideabi-gcc -c -g -O2  conftest.c >&5
configure:6441: $? = 0
configure:6445: nm conftest.o \| sed -n -e 's/^.*[ ]\([ABCDGIRSTW][ABCDGIRSTW]*\)[ ][ ]*\([_A-Za-z][_A-Za-z0-9]*\)$/\1 \2 \2/p' | sed '/ __gnu_lto/d' \> conftest.nm
configure:6448: $? = 0
configure:6514: arm-linux-androideabi-gcc -o conftest -g -O2   conftest.c conftstm.o >&5
configure:6517: $? = 0
configure:6555: result: ok
configure:6592: checking for sysroot
configure:6622: result: /opt/sdks/android-ndk/platforms/android-9/arch-arm/
configure:6838: checking for arm-linux-mt
configure:6868: result: no
configure:6878: checking for mt
configure:6894: found /bin/mt
configure:6905: result: mt
configure:6928: checking if mt is a manifest tool
configure:6934: mt '-?'
configure:6942: result: no
configure:7580: checking for ANSI C header files
configure:7600: arm-linux-androideabi-gcc -c -g -O2  conftest.c >&5
configure:7600: $? = 0
configure:7684: result: yes
configure:7697: checking for sys/types.h
configure:7697: arm-linux-androideabi-gcc -c -g -O2  conftest.c >&5
configure:7697: $? = 0
configure:7697: result: yes
configure:7697: checking for sys/stat.h
configure:7697: arm-linux-androideabi-gcc -c -g -O2  conftest.c >&5
configure:7697: $? = 0
configure:7697: result: yes
configure:7697: checking for stdlib.h
configure:7697: arm-linux-androideabi-gcc -c -g -O2  conftest.c >&5
configure:7697: $? = 0
configure:7697: result: yes
configure:7697: checking for string.h
configure:7697: arm-linux-androideabi-gcc -c -g -O2  conftest.c >&5
configure:7697: $? = 0
configure:7697: result: yes
configure:7697: checking for memory.h
configure:7697: arm-linux-androideabi-gcc -c -g -O2  conftest.c >&5
configure:7697: $? = 0
configure:7697: result: yes
configure:7697: checking for strings.h
configure:7697: arm-linux-androideabi-gcc -c -g -O2  conftest.c >&5
configure:7697: $? = 0
configure:7697: result: yes
configure:7697: checking for inttypes.h
configure:7697: arm-linux-androideabi-gcc -c -g -O2  conftest.c >&5
configure:7697: $? = 0
configure:7697: result: yes
configure:7697: checking for stdint.h
configure:7697: arm-linux-androideabi-gcc -c -g -O2  conftest.c >&5
configure:7697: $? = 0
configure:7697: result: yes
configure:7697: checking for unistd.h
configure:7697: arm-linux-androideabi-gcc -c -g -O2  conftest.c >&5
configure:7697: $? = 0
configure:7697: result: yes
configure:7711: checking for dlfcn.h
configure:7711: arm-linux-androideabi-gcc -c -g -O2  conftest.c >&5
configure:7711: $? = 0
configure:7711: result: yes
configure:8215: checking for objdir
configure:8230: result: .libs
configure:8497: checking if arm-linux-androideabi-gcc supports -fno-rtti -fno-exceptions
configure:8515: arm-linux-androideabi-gcc -c -g -O2  -fno-rtti -fno-exceptions conftest.c >&5
cc1: warning: command line option '-fno-rtti' is valid for C++/ObjC++ but not for C [enabled by default]
configure:8519: $? = 0
configure:8532: result: no
configure:8859: checking for arm-linux-androideabi-gcc option to produce PIC
configure:8866: result: -fPIC -DPIC
configure:8874: checking if arm-linux-androideabi-gcc PIC flag -fPIC -DPIC works
configure:8892: arm-linux-androideabi-gcc -c -g -O2  -fPIC -DPIC -DPIC conftest.c >&5
configure:8896: $? = 0
configure:8909: result: yes
configure:8938: checking if arm-linux-androideabi-gcc static flag -static works
configure:8966: result: yes
configure:8981: checking if arm-linux-androideabi-gcc supports -c -o file.o
configure:9002: arm-linux-androideabi-gcc -c -g -O2  -o out/conftest2.o conftest.c >&5
configure:9006: $? = 0
configure:9028: result: yes
configure:9036: checking if arm-linux-androideabi-gcc supports -c -o file.o
configure:9083: result: yes
configure:9116: checking whether the arm-linux-androideabi-gcc linker (/home/nrkz/arm-android-9-toolchain/arm-linux-androideabi/bin/ld) supports shared libraries
configure:10269: result: yes
configure:10306: checking whether -lc should be explicitly linked in
configure:10314: arm-linux-androideabi-gcc -c -g -O2  conftest.c >&5
configure:10317: $? = 0
configure:10332: arm-linux-androideabi-gcc -shared  -fPIC -DPIC conftest.o  -v -Wl,-soname -Wl,conftest -o conftest 2\>\&1 \| /bin/grep  -lc  \>/dev/null 2\>\&1
configure:10335: $? = 0
configure:10349: result: no
configure:10509: checking dynamic linker characteristics
configure:11020: arm-linux-androideabi-gcc -o conftest -g -O2   -Wl,-rpath -Wl,/foo conftest.c  >&5
configure:11020: $? = 0
configure:11242: result: GNU/Linux ld.so
configure:11349: checking how to hardcode library paths into programs
configure:11374: result: immediate
configure:11914: checking whether stripping libraries is possible
configure:11919: result: yes
configure:11954: checking if libtool supports shared libraries
configure:11956: result: yes
configure:11959: checking whether to build shared libraries
configure:11980: result: yes
configure:11983: checking whether to build static libraries
configure:11987: result: yes
configure:12029: checking for a C preprocessor that does not parse its input
configure:12035: arm-linux-androideabi-gcc -E  conftest.c
configure:12035: $? = 0
configure:12055: result: arm-linux-androideabi-gcc -E
configure:12066: checking for ANSI C header files
configure:12170: result: yes
configure:12181: checking malloc.h usability
configure:12181: arm-linux-androideabi-gcc -c -g -O2  conftest.c >&5
configure:12181: $? = 0
configure:12181: result: yes
configure:12181: checking malloc.h presence
configure:12181: arm-linux-androideabi-gcc -E  conftest.c
configure:12181: $? = 0
configure:12181: result: yes
configure:12181: checking for malloc.h
configure:12181: result: yes
configure:12181: checking for stdlib.h
configure:12181: result: yes
configure:12181: checking for string.h
configure:12181: result: yes
configure:12181: checking for strings.h
configure:12181: result: yes
configure:12193: checking for an ANSI C-conforming const
configure:12258: arm-linux-androideabi-gcc -c -g -O2  conftest.c >&5
configure:12258: $? = 0
configure:12265: result: yes
configure:12273: checking for size_t
configure:12273: arm-linux-androideabi-gcc -c -g -O2  conftest.c >&5
configure:12273: $? = 0
configure:12273: arm-linux-androideabi-gcc -c -g -O2  conftest.c >&5
conftest.c: In function 'main':
conftest.c:64:21: error: expected expression before ')' token
configure:12273: $? = 1
configure: failed program was:
| /* confdefs.h */
| #define PACKAGE_NAME "libpng"
| #define PACKAGE_TARNAME "libpng"
| #define PACKAGE_VERSION "1.5.12"
| #define PACKAGE_STRING "libpng 1.5.12"
| #define PACKAGE_BUGREPORT "png-mng-implement@lists.sourceforge.net"
| #define PACKAGE_URL ""
| #define PACKAGE "libpng"
| #define VERSION "1.5.12"
| #define STDC_HEADERS 1
| #define HAVE_SYS_TYPES_H 1
| #define HAVE_SYS_STAT_H 1
| #define HAVE_STDLIB_H 1
| #define HAVE_STRING_H 1
| #define HAVE_MEMORY_H 1
| #define HAVE_STRINGS_H 1
| #define HAVE_INTTYPES_H 1
| #define HAVE_STDINT_H 1
| #define HAVE_UNISTD_H 1
| #define HAVE_DLFCN_H 1
| #define LT_OBJDIR ".libs/"
| #define STDC_HEADERS 1
| #define HAVE_MALLOC_H 1
| #define HAVE_STDLIB_H 1
| #define HAVE_STRING_H 1
| #define HAVE_STRINGS_H 1
| /* end confdefs.h.  */
| #include <stdio.h>
| #ifdef HAVE_SYS_TYPES_H
| # include <sys/types.h>
| #endif
| #ifdef HAVE_SYS_STAT_H
| # include <sys/stat.h>
| #endif
| #ifdef STDC_HEADERS
| # include <stdlib.h>
| # include <stddef.h>
| #else
| # ifdef HAVE_STDLIB_H
| #  include <stdlib.h>
| # endif
| #endif
| #ifdef HAVE_STRING_H
| # if !defined STDC_HEADERS && defined HAVE_MEMORY_H
| #  include <memory.h>
| # endif
| # include <string.h>
| #endif
| #ifdef HAVE_STRINGS_H
| # include <strings.h>
| #endif
| #ifdef HAVE_INTTYPES_H
| # include <inttypes.h>
| #endif
| #ifdef HAVE_STDINT_H
| # include <stdint.h>
| #endif
| #ifdef HAVE_UNISTD_H
| # include <unistd.h>
| #endif
| int
| main ()
| {
| if (sizeof ((size_t)))
| 	    return 0;
|   ;
|   return 0;
| }
configure:12273: result: yes
configure:12284: checking whether struct tm is in sys/time.h or time.h
configure:12304: arm-linux-androideabi-gcc -c -g -O2  conftest.c >&5
configure:12304: $? = 0
configure:12311: result: time.h
configure:12319: checking for C/C++ restrict keyword
configure:12344: arm-linux-androideabi-gcc -c -g -O2  conftest.c >&5
configure:12344: $? = 0
configure:12352: result: __restrict
configure:12367: checking for working strtod
configure:12418: result: no
configure:12427: checking for pow
configure:12427: arm-linux-androideabi-gcc -o conftest -g -O2   conftest.c  >&5
conftest.c:52:6: warning: conflicting types for built-in function 'pow' [enabled by default]
/tmp/ccKKSDgY.o: In function `main':
/home/nrkz/github/NDKBook_2nd/ch_porting/libpng-android/libpng-1.5.12/conftest.c:63: undefined reference to `pow'
collect2: ld returned 1 exit status
configure:12427: $? = 1
configure: failed program was:
| /* confdefs.h */
| #define PACKAGE_NAME "libpng"
| #define PACKAGE_TARNAME "libpng"
| #define PACKAGE_VERSION "1.5.12"
| #define PACKAGE_STRING "libpng 1.5.12"
| #define PACKAGE_BUGREPORT "png-mng-implement@lists.sourceforge.net"
| #define PACKAGE_URL ""
| #define PACKAGE "libpng"
| #define VERSION "1.5.12"
| #define STDC_HEADERS 1
| #define HAVE_SYS_TYPES_H 1
| #define HAVE_SYS_STAT_H 1
| #define HAVE_STDLIB_H 1
| #define HAVE_STRING_H 1
| #define HAVE_MEMORY_H 1
| #define HAVE_STRINGS_H 1
| #define HAVE_INTTYPES_H 1
| #define HAVE_STDINT_H 1
| #define HAVE_UNISTD_H 1
| #define HAVE_DLFCN_H 1
| #define LT_OBJDIR ".libs/"
| #define STDC_HEADERS 1
| #define HAVE_MALLOC_H 1
| #define HAVE_STDLIB_H 1
| #define HAVE_STRING_H 1
| #define HAVE_STRINGS_H 1
| #define restrict __restrict
| /* end confdefs.h.  */
| /* Define pow to an innocuous variant, in case <limits.h> declares pow.
|    For example, HP-UX 11i <limits.h> declares gettimeofday.  */
| #define pow innocuous_pow
| 
| /* System header to define __stub macros and hopefully few prototypes,
|     which can conflict with char pow (); below.
|     Prefer <limits.h> to <assert.h> if __STDC__ is defined, since
|     <limits.h> exists even on freestanding compilers.  */
| 
| #ifdef __STDC__
| # include <limits.h>
| #else
| # include <assert.h>
| #endif
| 
| #undef pow
| 
| /* Override any GCC internal prototype to avoid an error.
|    Use char because int might match the return type of a GCC
|    builtin and then its argument prototype would still apply.  */
| #ifdef __cplusplus
| extern "C"
| #endif
| char pow ();
| /* The GNU C library defines this for functions which it implements
|     to always fail with ENOSYS.  Some functions are actually named
|     something starting with __ and the normal name is an alias.  */
| #if defined __stub_pow || defined __stub___pow
| choke me
| #endif
| 
| int
| main ()
| {
| return pow ();
|   ;
|   return 0;
| }
configure:12427: result: no
configure:12433: checking for pow in -lm
configure:12458: arm-linux-androideabi-gcc -o conftest -g -O2   conftest.c -lm   >&5
conftest.c:36:6: warning: conflicting types for built-in function 'pow' [enabled by default]
configure:12458: $? = 0
configure:12467: result: yes
configure:12482: checking for memset
configure:12482: arm-linux-androideabi-gcc -o conftest -g -O2   conftest.c  >&5
conftest.c:52:6: warning: conflicting types for built-in function 'memset' [enabled by default]
configure:12482: $? = 0
configure:12482: result: yes
configure:12495: checking for pow
configure:12495: result: no
configure:12502: checking for pow in -lm
configure:12536: result: yes
configure:12560: checking for zlibVersion in -lz
configure:12585: arm-linux-androideabi-gcc -o conftest -g -O2   conftest.c -lz  -lm  >&5
configure:12585: $? = 0
configure:12594: result: yes
configure:12659: checking for feenableexcept in -lm
configure:12684: arm-linux-androideabi-gcc -o conftest -g -O2   conftest.c -lm  -lz -lm  >&5
/tmp/ccUGIhRe.o: In function `main':
/home/nrkz/github/NDKBook_2nd/ch_porting/libpng-android/libpng-1.5.12/conftest.c:43: undefined reference to `feenableexcept'
collect2: ld returned 1 exit status
configure:12684: $? = 1
configure: failed program was:
| /* confdefs.h */
| #define PACKAGE_NAME "libpng"
| #define PACKAGE_TARNAME "libpng"
| #define PACKAGE_VERSION "1.5.12"
| #define PACKAGE_STRING "libpng 1.5.12"
| #define PACKAGE_BUGREPORT "png-mng-implement@lists.sourceforge.net"
| #define PACKAGE_URL ""
| #define PACKAGE "libpng"
| #define VERSION "1.5.12"
| #define STDC_HEADERS 1
| #define HAVE_SYS_TYPES_H 1
| #define HAVE_SYS_STAT_H 1
| #define HAVE_STDLIB_H 1
| #define HAVE_STRING_H 1
| #define HAVE_MEMORY_H 1
| #define HAVE_STRINGS_H 1
| #define HAVE_INTTYPES_H 1
| #define HAVE_STDINT_H 1
| #define HAVE_UNISTD_H 1
| #define HAVE_DLFCN_H 1
| #define LT_OBJDIR ".libs/"
| #define STDC_HEADERS 1
| #define HAVE_MALLOC_H 1
| #define HAVE_STDLIB_H 1
| #define HAVE_STRING_H 1
| #define HAVE_STRINGS_H 1
| #define restrict __restrict
| #define HAVE_MEMSET 1
| #define HAVE_LIBM 1
| #define HAVE_LIBZ 1
| /* end confdefs.h.  */
| 
| /* Override any GCC internal prototype to avoid an error.
|    Use char because int might match the return type of a GCC
|    builtin and then its argument prototype would still apply.  */
| #ifdef __cplusplus
| extern "C"
| #endif
| char feenableexcept ();
| int
| main ()
| {
| return feenableexcept ();
|   ;
|   return 0;
| }
configure:12693: result: no
configure:12706: checking for feenableexcept
configure:12706: arm-linux-androideabi-gcc -o conftest -g -O2   conftest.c -lz -lm  >&5
/tmp/ccAWunOj.o: In function `main':
/home/nrkz/github/NDKBook_2nd/ch_porting/libpng-android/libpng-1.5.12/conftest.c:66: undefined reference to `feenableexcept'
collect2: ld returned 1 exit status
configure:12706: $? = 1
configure: failed program was:
| /* confdefs.h */
| #define PACKAGE_NAME "libpng"
| #define PACKAGE_TARNAME "libpng"
| #define PACKAGE_VERSION "1.5.12"
| #define PACKAGE_STRING "libpng 1.5.12"
| #define PACKAGE_BUGREPORT "png-mng-implement@lists.sourceforge.net"
| #define PACKAGE_URL ""
| #define PACKAGE "libpng"
| #define VERSION "1.5.12"
| #define STDC_HEADERS 1
| #define HAVE_SYS_TYPES_H 1
| #define HAVE_SYS_STAT_H 1
| #define HAVE_STDLIB_H 1
| #define HAVE_STRING_H 1
| #define HAVE_MEMORY_H 1
| #define HAVE_STRINGS_H 1
| #define HAVE_INTTYPES_H 1
| #define HAVE_STDINT_H 1
| #define HAVE_UNISTD_H 1
| #define HAVE_DLFCN_H 1
| #define LT_OBJDIR ".libs/"
| #define STDC_HEADERS 1
| #define HAVE_MALLOC_H 1
| #define HAVE_STDLIB_H 1
| #define HAVE_STRING_H 1
| #define HAVE_STRINGS_H 1
| #define restrict __restrict
| #define HAVE_MEMSET 1
| #define HAVE_LIBM 1
| #define HAVE_LIBZ 1
| /* end confdefs.h.  */
| /* Define feenableexcept to an innocuous variant, in case <limits.h> declares feenableexcept.
|    For example, HP-UX 11i <limits.h> declares gettimeofday.  */
| #define feenableexcept innocuous_feenableexcept
| 
| /* System header to define __stub macros and hopefully few prototypes,
|     which can conflict with char feenableexcept (); below.
|     Prefer <limits.h> to <assert.h> if __STDC__ is defined, since
|     <limits.h> exists even on freestanding compilers.  */
| 
| #ifdef __STDC__
| # include <limits.h>
| #else
| # include <assert.h>
| #endif
| 
| #undef feenableexcept
| 
| /* Override any GCC internal prototype to avoid an error.
|    Use char because int might match the return type of a GCC
|    builtin and then its argument prototype would still apply.  */
| #ifdef __cplusplus
| extern "C"
| #endif
| char feenableexcept ();
| /* The GNU C library defines this for functions which it implements
|     to always fail with ENOSYS.  Some functions are actually named
|     something starting with __ and the normal name is an alias.  */
| #if defined __stub_feenableexcept || defined __stub___feenableexcept
| choke me
| #endif
| 
| int
| main ()
| {
| return feenableexcept ();
|   ;
|   return 0;
| }
configure:12706: result: no
configure:12720: checking if using Solaris linker
configure:12729: result: no
configure:12741: checking if libraries can be versioned
configure:12762: result: yes
configure:12784: checking for symbol prefix
configure:12791: result: 
configure:12813: pkgconfig directory is ${libdir}/pkgconfig
configure:13016: creating ./config.status

## ---------------------- ##
## Running config.status. ##
## ---------------------- ##

This file was extended by libpng config.status 1.5.12, which was
generated by GNU Autoconf 2.68.  Invocation command line was

  CONFIG_FILES    = 
  CONFIG_HEADERS  = 
  CONFIG_LINKS    = 
  CONFIG_COMMANDS = 
  $ ./config.status 

on ubuntu

config.status:1126: creating Makefile
config.status:1126: creating libpng.pc
config.status:1126: creating libpng-config
config.status:1126: creating config.h
config.status:1355: executing depfiles commands
config.status:1355: executing libtool commands

## ---------------- ##
## Cache variables. ##
## ---------------- ##

ac_cv_build=x86_64-unknown-linux-gnu
ac_cv_c_compiler_gnu=yes
ac_cv_c_const=yes
ac_cv_c_restrict=__restrict
ac_cv_env_CCASFLAGS_set=
ac_cv_env_CCASFLAGS_value=
ac_cv_env_CCAS_set=
ac_cv_env_CCAS_value=
ac_cv_env_CC_set=set
ac_cv_env_CC_value=arm-linux-androideabi-gcc
ac_cv_env_CFLAGS_set=
ac_cv_env_CFLAGS_value=
ac_cv_env_CPPFLAGS_set=
ac_cv_env_CPPFLAGS_value=
ac_cv_env_CPP_set=
ac_cv_env_CPP_value=
ac_cv_env_LDFLAGS_set=
ac_cv_env_LDFLAGS_value=
ac_cv_env_LIBS_set=
ac_cv_env_LIBS_value=
ac_cv_env_build_alias_set=
ac_cv_env_build_alias_value=
ac_cv_env_host_alias_set=set
ac_cv_env_host_alias_value=arm-linux
ac_cv_env_target_alias_set=
ac_cv_env_target_alias_value=
ac_cv_func_feenableexcept=no
ac_cv_func_memset=yes
ac_cv_func_pow=no
ac_cv_func_strtod=no
ac_cv_header_dlfcn_h=yes
ac_cv_header_inttypes_h=yes
ac_cv_header_malloc_h=yes
ac_cv_header_memory_h=yes
ac_cv_header_stdc=yes
ac_cv_header_stdint_h=yes
ac_cv_header_stdlib_h=yes
ac_cv_header_string_h=yes
ac_cv_header_strings_h=yes
ac_cv_header_sys_stat_h=yes
ac_cv_header_sys_types_h=yes
ac_cv_header_unistd_h=yes
ac_cv_host=arm-unknown-linux-gnu
ac_cv_lib_m_feenableexcept=no
ac_cv_lib_m_pow=yes
ac_cv_lib_z_zlibVersion=yes
ac_cv_objext=o
ac_cv_path_EGREP='/bin/grep -E'
ac_cv_path_FGREP='/bin/grep -F'
ac_cv_path_GREP=/bin/grep
ac_cv_path_SED=/bin/sed
ac_cv_path_install='/usr/bin/install -c'
ac_cv_path_mkdir=/bin/mkdir
ac_cv_prog_AWK=mawk
ac_cv_prog_CC=arm-linux-androideabi-gcc
ac_cv_prog_CPP='arm-linux-androideabi-gcc -E'
ac_cv_prog_SED=/bin/sed
ac_cv_prog_STRIP=strip
ac_cv_prog_ac_ct_AR=ar
ac_cv_prog_ac_ct_DUMPBIN='link -dump'
ac_cv_prog_ac_ct_MANIFEST_TOOL=mt
ac_cv_prog_ac_ct_OBJDUMP=objdump
ac_cv_prog_ac_ct_RANLIB=ranlib
ac_cv_prog_ac_ct_STRIP=strip
ac_cv_prog_cc_c89=
ac_cv_prog_cc_g=yes
ac_cv_prog_make_make_set=yes
ac_cv_struct_tm=time.h
ac_cv_type_size_t=yes
am_cv_CCAS_dependencies_compiler_type=gcc3
am_cv_CC_dependencies_compiler_type=gcc3
lt_cv_ar_at_file=@
lt_cv_archive_cmds_need_lc=no
lt_cv_deplibs_check_method=pass_all
lt_cv_file_magic_cmd='$MAGIC_CMD'
lt_cv_file_magic_test_file=
lt_cv_ld_reload_flag=-r
lt_cv_nm_interface='BSD nm'
lt_cv_objdir=.libs
lt_cv_path_LD=/home/nrkz/arm-android-9-toolchain/arm-linux-androideabi/bin/ld
lt_cv_path_NM=no
lt_cv_path_mainfest_tool=no
lt_cv_prog_compiler_c_o=yes
lt_cv_prog_compiler_pic='-fPIC -DPIC'
lt_cv_prog_compiler_pic_works=yes
lt_cv_prog_compiler_rtti_exceptions=no
lt_cv_prog_compiler_static_works=yes
lt_cv_prog_gnu_ld=yes
lt_cv_sharedlib_from_linklib_cmd='printf %s\n'
lt_cv_shlibpath_overrides_runpath=no
lt_cv_sys_global_symbol_pipe='sed -n -e '\''s/^.*[	 ]\([ABCDGIRSTW][ABCDGIRSTW]*\)[	 ][	 ]*\([_A-Za-z][_A-Za-z0-9]*\)$/\1 \2 \2/p'\'' | sed '\''/ __gnu_lto/d'\'''
lt_cv_sys_global_symbol_to_c_name_address='sed -n -e '\''s/^: \([^ ]*\)[ ]*$/  {\"\1\", (void *) 0},/p'\'' -e '\''s/^[ABCDGIRSTW]* \([^ ]*\) \([^ ]*\)$/  {"\2", (void *) \&\2},/p'\'''
lt_cv_sys_global_symbol_to_c_name_address_lib_prefix='sed -n -e '\''s/^: \([^ ]*\)[ ]*$/  {\"\1\", (void *) 0},/p'\'' -e '\''s/^[ABCDGIRSTW]* \([^ ]*\) \(lib[^ ]*\)$/  {"\2", (void *) \&\2},/p'\'' -e '\''s/^[ABCDGIRSTW]* \([^ ]*\) \([^ ]*\)$/  {"lib\2", (void *) \&\2},/p'\'''
lt_cv_sys_global_symbol_to_cdecl='sed -n -e '\''s/^T .* \(.*\)$/extern int \1();/p'\'' -e '\''s/^[ABCDGIRSTW]* .* \(.*\)$/extern char \1;/p'\'''
lt_cv_sys_max_cmd_len=1572864
lt_cv_to_host_file_cmd=func_convert_file_noop
lt_cv_to_tool_file_cmd=func_convert_file_noop

## ----------------- ##
## Output variables. ##
## ----------------- ##

ACLOCAL='${SHELL} /home/nrkz/github/NDKBook_2nd/ch_porting/libpng-android/libpng-1.5.12/missing --run aclocal-1.11'
AMDEPBACKSLASH='\'
AMDEP_FALSE='#'
AMDEP_TRUE=''
AMTAR='${SHELL} /home/nrkz/github/NDKBook_2nd/ch_porting/libpng-android/libpng-1.5.12/missing --run tar'
AM_CCASFLAGS='-Wa,--noexecstack'
AR='ar'
AS='as'
AUTOCONF='${SHELL} /home/nrkz/github/NDKBook_2nd/ch_porting/libpng-android/libpng-1.5.12/missing --run autoconf'
AUTOHEADER='${SHELL} /home/nrkz/github/NDKBook_2nd/ch_porting/libpng-android/libpng-1.5.12/missing --run autoheader'
AUTOMAKE='${SHELL} /home/nrkz/github/NDKBook_2nd/ch_porting/libpng-android/libpng-1.5.12/missing --run automake-1.11'
AWK='mawk'
CC='arm-linux-androideabi-gcc'
CCAS='arm-linux-androideabi-gcc'
CCASDEPMODE='depmode=gcc3'
CCASFLAGS='-g -O2'
CCDEPMODE='depmode=gcc3'
CFLAGS='-g -O2'
CPP='arm-linux-androideabi-gcc -E'
CPPFLAGS=''
CYGPATH_W='echo'
DEFS='-DHAVE_CONFIG_H'
DEPDIR='.deps'
DFNCPP='arm-linux-androideabi-gcc -E'
DLLTOOL='false'
DSYMUTIL=''
DUMPBIN=':'
ECHO_C=''
ECHO_N='-n'
ECHO_T=''
EGREP='/bin/grep -E'
EXEEXT=''
FGREP='/bin/grep -F'
GREP='/bin/grep'
HAVE_LD_VERSION_SCRIPT_FALSE='#'
HAVE_LD_VERSION_SCRIPT_TRUE=''
HAVE_SOLARIS_LD_FALSE=''
HAVE_SOLARIS_LD_TRUE='#'
INSTALL_DATA='${INSTALL} -m 644'
INSTALL_PROGRAM='${INSTALL}'
INSTALL_SCRIPT='${INSTALL}'
INSTALL_STRIP_PROGRAM='$(install_sh) -c -s'
LD='/home/nrkz/arm-android-9-toolchain/arm-linux-androideabi/bin/ld'
LDFLAGS=''
LIBOBJS=' ${LIBOBJDIR}strtod$U.o'
LIBPNG_DEFINES='-DPNG_CONFIGURE_LIBPNG'
LIBS='-lz -lm '
LIBTOOL='$(SHELL) $(top_builddir)/libtool'
LIPO=''
LN_S='ln -s'
LTLIBOBJS=' ${LIBOBJDIR}strtod$U.lo'
MAINT='#'
MAINTAINER_MODE_FALSE=''
MAINTAINER_MODE_TRUE='#'
MAKEINFO='${SHELL} /home/nrkz/github/NDKBook_2nd/ch_porting/libpng-android/libpng-1.5.12/missing --run makeinfo'
MANIFEST_TOOL=':'
MKDIR_P='/bin/mkdir -p'
NM='nm'
NMEDIT=''
OBJDUMP='objdump'
OBJEXT='o'
OTOOL64=''
OTOOL=''
PACKAGE='libpng'
PACKAGE_BUGREPORT='png-mng-implement@lists.sourceforge.net'
PACKAGE_NAME='libpng'
PACKAGE_STRING='libpng 1.5.12'
PACKAGE_TARNAME='libpng'
PACKAGE_URL=''
PACKAGE_VERSION='1.5.12'
PATH_SEPARATOR=':'
PNGLIB_MAJOR='1'
PNGLIB_MINOR='5'
PNGLIB_RELEASE='12'
PNGLIB_VERSION='1.5.12'
PNG_ARM_NEON_FALSE=''
PNG_ARM_NEON_TRUE='#'
POW_LIB='-lm'
RANLIB='ranlib'
SED='/bin/sed'
SET_MAKE=''
SHELL='/bin/bash'
STRIP='strip'
SYMBOL_PREFIX=''
VERSION='1.5.12'
ac_ct_AR='ar'
ac_ct_CC=''
ac_ct_DUMPBIN='link -dump'
am__EXEEXT_FALSE=''
am__EXEEXT_TRUE='#'
am__fastdepCCAS_FALSE='#'
am__fastdepCCAS_TRUE=''
am__fastdepCC_FALSE='#'
am__fastdepCC_TRUE=''
am__include='include'
am__isrc=''
am__leading_dot='.'
am__nodep='_no'
am__quote=''
am__tar='${AMTAR} chof - "$$tardir"'
am__untar='${AMTAR} xf -'
binconfigs='${binconfigs}'
bindir='${exec_prefix}/bin'
build='x86_64-unknown-linux-gnu'
build_alias=''
build_cpu='x86_64'
build_os='linux-gnu'
build_vendor='unknown'
datadir='${datarootdir}'
datarootdir='${prefix}/share'
docdir='${datarootdir}/doc/${PACKAGE_TARNAME}'
dvidir='${docdir}'
exec_prefix='${prefix}'
host='arm-unknown-linux-gnu'
host_alias='arm-linux'
host_cpu='arm'
host_os='linux-gnu'
host_vendor='unknown'
htmldir='${docdir}'
includedir='${prefix}/include'
infodir='${datarootdir}/info'
install_sh='${SHELL} /home/nrkz/github/NDKBook_2nd/ch_porting/libpng-android/libpng-1.5.12/install-sh'
libdir='${exec_prefix}/lib'
libexecdir='${exec_prefix}/libexec'
localedir='${datarootdir}/locale'
localstatedir='${prefix}/var'
mandir='${datarootdir}/man'
mkdir_p='/bin/mkdir -p'
oldincludedir='/usr/include'
pdfdir='${docdir}'
pkgconfigdir='${libdir}/pkgconfig'
prefix='/usr/local'
program_transform_name='s,x,x,'
psdir='${docdir}'
sbindir='${exec_prefix}/sbin'
sharedstatedir='${prefix}/com'
sysconfdir='${prefix}/etc'
target_alias=''

## ----------- ##
## confdefs.h. ##
## ----------- ##

/* confdefs.h */
#define PACKAGE_NAME "libpng"
#define PACKAGE_TARNAME "libpng"
#define PACKAGE_VERSION "1.5.12"
#define PACKAGE_STRING "libpng 1.5.12"
#define PACKAGE_BUGREPORT "png-mng-implement@lists.sourceforge.net"
#define PACKAGE_URL ""
#define PACKAGE "libpng"
#define VERSION "1.5.12"
#define STDC_HEADERS 1
#define HAVE_SYS_TYPES_H 1
#define HAVE_SYS_STAT_H 1
#define HAVE_STDLIB_H 1
#define HAVE_STRING_H 1
#define HAVE_MEMORY_H 1
#define HAVE_STRINGS_H 1
#define HAVE_INTTYPES_H 1
#define HAVE_STDINT_H 1
#define HAVE_UNISTD_H 1
#define HAVE_DLFCN_H 1
#define LT_OBJDIR ".libs/"
#define STDC_HEADERS 1
#define HAVE_MALLOC_H 1
#define HAVE_STDLIB_H 1
#define HAVE_STRING_H 1
#define HAVE_STRINGS_H 1
#define restrict __restrict
#define HAVE_MEMSET 1
#define HAVE_LIBM 1
#define HAVE_LIBZ 1

configure: exit 0
